C:\Program Files\Microsoft Visual Studio\2022\Community\MSBuild\Microsoft\VC\v170\Microsoft.CppBuild.targets(520,5): warning MSB8004: Output 目录未以斜杠结尾。  此生成实例将添加斜杠，因为必须有这个斜杠才能正确计算 Output 目录。
  dllmain.cpp
  Animation.cpp
  AnimationState.cpp
  AnimationStateData.cpp
  Atlas.cpp
  AtlasAttachmentLoader.cpp
  Attachment.cpp
  AttachmentLoader.cpp
  AttachmentTimeline.cpp
  Bone.cpp
  BoneData.cpp
  BoundingBoxAttachment.cpp
  ClippingAttachment.cpp
  ColorTimeline.cpp
  ConstraintData.cpp
  CurveTimeline.cpp
  DeformTimeline.cpp
  DrawOrderTimeline.cpp
  Event.cpp
  EventData.cpp
  EventTimeline.cpp
  Extension.cpp
  IkConstraint.cpp
  IkConstraintData.cpp
F:\_UnityWorkSpace\_UnityProject\UnityCppTest\CppPlugin\DLLPlugin\spine-runtimes\spine-cpp\spine-cpp\src\spine\Atlas.cpp(195,21): warning C4244: “=”: 从“__int64”转换到“int”，可能丢失数据
F:\_UnityWorkSpace\_UnityProject\UnityCppTest\CppPlugin\DLLPlugin\spine-runtimes\spine-cpp\spine-cpp\src\spine\Atlas.cpp(312,38): warning C4244: “=”: 从“int”转换到“float”，可能丢失数据
F:\_UnityWorkSpace\_UnityProject\UnityCppTest\CppPlugin\DLLPlugin\spine-runtimes\spine-cpp\spine-cpp\src\spine\Atlas.cpp(313,38): warning C4244: “=”: 从“int”转换到“float”，可能丢失数据
F:\_UnityWorkSpace\_UnityProject\UnityCppTest\CppPlugin\DLLPlugin\spine-runtimes\spine-cpp\spine-cpp\src\spine\Atlas.cpp(318,38): warning C4244: “=”: 从“int”转换到“float”，可能丢失数据
F:\_UnityWorkSpace\_UnityProject\UnityCppTest\CppPlugin\DLLPlugin\spine-runtimes\spine-cpp\spine-cpp\src\spine\Atlas.cpp(319,38): warning C4244: “=”: 从“int”转换到“float”，可能丢失数据
F:\_UnityWorkSpace\_UnityProject\UnityCppTest\CppPlugin\DLLPlugin\spine-runtimes\spine-cpp\spine-cpp\src\spine\Atlas.cpp(333,44): warning C4244: “参数”: 从“int”转换到“const T”，可能丢失数据
          with
          [
              T=float
          ]
F:\_UnityWorkSpace\_UnityProject\UnityCppTest\CppPlugin\DLLPlugin\spine-runtimes\spine-cpp\spine-cpp\src\spine\CurveTimeline.cpp(58,42): warning C4244: “=”: 从“size_t”转换到“T”，可能丢失数据
          with
          [
              T=float
          ]
F:\_UnityWorkSpace\_UnityProject\UnityCppTest\CppPlugin\DLLPlugin\spine-runtimes\spine-cpp\spine-cpp\src\spine\CurveTimeline.cpp(59,13): warning C4244: “初始化”: 从“double”转换到“float”，可能丢失数据
F:\_UnityWorkSpace\_UnityProject\UnityCppTest\CppPlugin\DLLPlugin\spine-runtimes\spine-cpp\spine-cpp\src\spine\CurveTimeline.cpp(59,52): warning C4244: “初始化”: 从“double”转换到“float”，可能丢失数据
F:\_UnityWorkSpace\_UnityProject\UnityCppTest\CppPlugin\DLLPlugin\spine-runtimes\spine-cpp\spine-cpp\src\spine\CurveTimeline.cpp(60,13): warning C4244: “初始化”: 从“double”转换到“float”，可能丢失数据
F:\_UnityWorkSpace\_UnityProject\UnityCppTest\CppPlugin\DLLPlugin\spine-runtimes\spine-cpp\spine-cpp\src\spine\CurveTimeline.cpp(60,63): warning C4244: “初始化”: 从“double”转换到“float”，可能丢失数据
F:\_UnityWorkSpace\_UnityProject\UnityCppTest\CppPlugin\DLLPlugin\spine-runtimes\spine-cpp\spine-cpp\src\spine\CurveTimeline.cpp(62,11): warning C4244: “初始化”: 从“double”转换到“float”，可能丢失数据
F:\_UnityWorkSpace\_UnityProject\UnityCppTest\CppPlugin\DLLPlugin\spine-runtimes\spine-cpp\spine-cpp\src\spine\CurveTimeline.cpp(62,64): warning C4244: “初始化”: 从“double”转换到“float”，可能丢失数据
  IkConstraintTimeline.cpp
  Json.cpp
  LinkedMesh.cpp
  Log.cpp
  MathUtil.cpp
  MeshAttachment.cpp
  PathAttachment.cpp
  PathConstraint.cpp
  PathConstraintData.cpp
  PathConstraintMixTimeline.cpp
  PathConstraintPositionTimeline.cpp
  PathConstraintSpacingTimeline.cpp
  PointAttachment.cpp
F:\_UnityWorkSpace\_UnityProject\UnityCppTest\CppPlugin\DLLPlugin\spine-runtimes\spine-cpp\spine-cpp\src\spine\DeformTimeline.cpp(265,58): warning C4244: “=”: 从“size_t”转换到“T”，可能丢失数据
          with
          [
              T=float
          ]
F:\_UnityWorkSpace\_UnityProject\UnityCppTest\CppPlugin\DLLPlugin\spine-runtimes\spine-cpp\spine-cpp\src\spine\DeformTimeline.cpp(266,13): warning C4244: “初始化”: 从“double”转换到“float”，可能丢失数据
F:\_UnityWorkSpace\_UnityProject\UnityCppTest\CppPlugin\DLLPlugin\spine-runtimes\spine-cpp\spine-cpp\src\spine\DeformTimeline.cpp(266,52): warning C4244: “初始化”: 从“double”转换到“float”，可能丢失数据
F:\_UnityWorkSpace\_UnityProject\UnityCppTest\CppPlugin\DLLPlugin\spine-runtimes\spine-cpp\spine-cpp\src\spine\DeformTimeline.cpp(267,13): warning C4244: “初始化”: 从“double”转换到“float”，可能丢失数据
F:\_UnityWorkSpace\_UnityProject\UnityCppTest\CppPlugin\DLLPlugin\spine-runtimes\spine-cpp\spine-cpp\src\spine\DeformTimeline.cpp(267,63): warning C4244: “初始化”: 从“double”转换到“float”，可能丢失数据
F:\_UnityWorkSpace\_UnityProject\UnityCppTest\CppPlugin\DLLPlugin\spine-runtimes\spine-cpp\spine-cpp\src\spine\DeformTimeline.cpp(269,11): warning C4244: “初始化”: 从“double”转换到“float”，可能丢失数据
F:\_UnityWorkSpace\_UnityProject\UnityCppTest\CppPlugin\DLLPlugin\spine-runtimes\spine-cpp\spine-cpp\src\spine\DeformTimeline.cpp(269,64): warning C4244: “初始化”: 从“double”转换到“float”，可能丢失数据
  RegionAttachment.cpp
  RotateTimeline.cpp
  RTTI.cpp
  ScaleTimeline.cpp
  Sequence.cpp
  SequenceTimeline.cpp
  ShearTimeline.cpp
  Skeleton.cpp
  SkeletonBinary.cpp
  SkeletonBounds.cpp
  SkeletonClipping.cpp
  SkeletonData.cpp
  SkeletonJson.cpp
F:\_UnityWorkSpace\_UnityProject\UnityCppTest\CppPlugin\DLLPlugin\spine-runtimes\spine-cpp\spine-cpp\src\spine\MeshAttachment.cpp(185,9): warning C4244: “return”: 从“int”转换到“float”，可能丢失数据
F:\_UnityWorkSpace\_UnityProject\UnityCppTest\CppPlugin\DLLPlugin\spine-runtimes\spine-cpp\spine-cpp\src\spine\MeshAttachment.cpp(189,11): warning C4244: “=”: 从“float”转换到“int”，可能丢失数据
F:\_UnityWorkSpace\_UnityProject\UnityCppTest\CppPlugin\DLLPlugin\spine-runtimes\spine-cpp\spine-cpp\src\spine\MeshAttachment.cpp(193,9): warning C4244: “return”: 从“int”转换到“float”，可能丢失数据
F:\_UnityWorkSpace\_UnityProject\UnityCppTest\CppPlugin\DLLPlugin\spine-runtimes\spine-cpp\spine-cpp\src\spine\MeshAttachment.cpp(197,12): warning C4244: “=”: 从“float”转换到“int”，可能丢失数据
  Skin.cpp
  Slot.cpp
F:\_UnityWorkSpace\_UnityProject\UnityCppTest\CppPlugin\DLLPlugin\spine-runtimes\spine-cpp\spine-cpp\src\spine\IkConstraintTimeline.cpp(117,80): warning C4244: “=”: 从“T”转换到“int”，可能丢失数据
          with
          [
              T=float
          ]
F:\_UnityWorkSpace\_UnityProject\UnityCppTest\CppPlugin\DLLPlugin\spine-runtimes\spine-cpp\spine-cpp\src\spine\IkConstraintTimeline.cpp(125,80): warning C4244: “=”: 从“T”转换到“int”，可能丢失数据
          with
          [
              T=float
          ]
F:\_UnityWorkSpace\_UnityProject\UnityCppTest\CppPlugin\DLLPlugin\spine-runtimes\spine-cpp\spine-cpp\src\spine\IkConstraintTimeline.cpp(139,30): warning C4244: “=”: 从“int”转换到“T”，可能丢失数据
          with
          [
              T=float
          ]
F:\_UnityWorkSpace\_UnityProject\UnityCppTest\CppPlugin\DLLPlugin\spine-runtimes\spine-cpp\spine-cpp\src\spine\IkConstraintTimeline.cpp(140,29): warning C4244: “=”: 从“int”转换到“T”，可能丢失数据
          with
          [
              T=float
          ]
  SlotData.cpp
  SpineObject.cpp
  TextureLoader.cpp
  Timeline.cpp
  TransformConstraint.cpp
  TransformConstraintData.cpp
  TransformConstraintTimeline.cpp
  TranslateTimeline.cpp
F:\_UnityWorkSpace\_UnityProject\UnityCppTest\CppPlugin\DLLPlugin\spine-runtimes\spine-cpp\spine-cpp\src\spine\SequenceTimeline.cpp(60,30): warning C4244: “=”: 从“int”转换到“T”，可能丢失数据
          with
          [
              T=float
          ]
  Triangulator.cpp
  Updatable.cpp
  VertexAttachment.cpp
  unity_spinecpp_plugin.cpp
F:\_UnityWorkSpace\_UnityProject\UnityCppTest\CppPlugin\DLLPlugin\spine-runtimes\spine-cpp\spine-cpp\src\spine\SkeletonBinary.cpp(606,20): warning C4244: “=”: 从“float”转换到“int”，可能丢失数据
F:\_UnityWorkSpace\_UnityProject\UnityCppTest\CppPlugin\DLLPlugin\spine-runtimes\spine-cpp\spine-cpp\src\spine\SkeletonBinary.cpp(607,21): warning C4244: “=”: 从“float”转换到“int”，可能丢失数据
F:\_UnityWorkSpace\_UnityProject\UnityCppTest\CppPlugin\DLLPlugin\spine-runtimes\spine-cpp\spine-cpp\src\spine\SkeletonBinary.cpp(637,20): warning C4244: “=”: 从“float”转换到“int”，可能丢失数据
F:\_UnityWorkSpace\_UnityProject\UnityCppTest\CppPlugin\DLLPlugin\spine-runtimes\spine-cpp\spine-cpp\src\spine\SkeletonBinary.cpp(638,21): warning C4244: “=”: 从“float”转换到“int”，可能丢失数据
F:\_UnityWorkSpace\_UnityProject\UnityCppTest\CppPlugin\DLLPlugin\spine-runtimes\spine-cpp\spine-cpp\src\spine\SkeletonBinary.cpp(762,37): warning C4244: “参数”: 从“int”转换到“float”，可能丢失数据
F:\_UnityWorkSpace\_UnityProject\UnityCppTest\CppPlugin\DLLPlugin\spine-runtimes\spine-cpp\spine-cpp\src\spine\SkeletonBinary.cpp(839,14): warning C4244: “初始化”: 从“double”转换到“float”，可能丢失数据
F:\_UnityWorkSpace\_UnityProject\UnityCppTest\CppPlugin\DLLPlugin\spine-runtimes\spine-cpp\spine-cpp\src\spine\SkeletonBinary.cpp(840,14): warning C4244: “初始化”: 从“double”转换到“float”，可能丢失数据
F:\_UnityWorkSpace\_UnityProject\UnityCppTest\CppPlugin\DLLPlugin\spine-runtimes\spine-cpp\spine-cpp\src\spine\SkeletonBinary.cpp(841,14): warning C4244: “初始化”: 从“double”转换到“float”，可能丢失数据
F:\_UnityWorkSpace\_UnityProject\UnityCppTest\CppPlugin\DLLPlugin\spine-runtimes\spine-cpp\spine-cpp\src\spine\SkeletonBinary.cpp(842,14): warning C4244: “初始化”: 从“double”转换到“float”，可能丢失数据
F:\_UnityWorkSpace\_UnityProject\UnityCppTest\CppPlugin\DLLPlugin\spine-runtimes\spine-cpp\spine-cpp\src\spine\SkeletonBinary.cpp(849,16): warning C4244: “初始化”: 从“double”转换到“float”，可能丢失数据
F:\_UnityWorkSpace\_UnityProject\UnityCppTest\CppPlugin\DLLPlugin\spine-runtimes\spine-cpp\spine-cpp\src\spine\SkeletonBinary.cpp(850,16): warning C4244: “初始化”: 从“double”转换到“float”，可能丢失数据
F:\_UnityWorkSpace\_UnityProject\UnityCppTest\CppPlugin\DLLPlugin\spine-runtimes\spine-cpp\spine-cpp\src\spine\SkeletonBinary.cpp(851,16): warning C4244: “初始化”: 从“double”转换到“float”，可能丢失数据
F:\_UnityWorkSpace\_UnityProject\UnityCppTest\CppPlugin\DLLPlugin\spine-runtimes\spine-cpp\spine-cpp\src\spine\SkeletonBinary.cpp(852,16): warning C4244: “初始化”: 从“double”转换到“float”，可能丢失数据
F:\_UnityWorkSpace\_UnityProject\UnityCppTest\CppPlugin\DLLPlugin\spine-runtimes\spine-cpp\spine-cpp\src\spine\SkeletonBinary.cpp(878,14): warning C4244: “初始化”: 从“double”转换到“float”，可能丢失数据
F:\_UnityWorkSpace\_UnityProject\UnityCppTest\CppPlugin\DLLPlugin\spine-runtimes\spine-cpp\spine-cpp\src\spine\SkeletonBinary.cpp(879,14): warning C4244: “初始化”: 从“double”转换到“float”，可能丢失数据
F:\_UnityWorkSpace\_UnityProject\UnityCppTest\CppPlugin\DLLPlugin\spine-runtimes\spine-cpp\spine-cpp\src\spine\SkeletonBinary.cpp(880,14): warning C4244: “初始化”: 从“double”转换到“float”，可能丢失数据
F:\_UnityWorkSpace\_UnityProject\UnityCppTest\CppPlugin\DLLPlugin\spine-runtimes\spine-cpp\spine-cpp\src\spine\SkeletonBinary.cpp(887,16): warning C4244: “初始化”: 从“double”转换到“float”，可能丢失数据
F:\_UnityWorkSpace\_UnityProject\UnityCppTest\CppPlugin\DLLPlugin\spine-runtimes\spine-cpp\spine-cpp\src\spine\SkeletonBinary.cpp(888,16): warning C4244: “初始化”: 从“double”转换到“float”，可能丢失数据
F:\_UnityWorkSpace\_UnityProject\UnityCppTest\CppPlugin\DLLPlugin\spine-runtimes\spine-cpp\spine-cpp\src\spine\SkeletonBinary.cpp(889,16): warning C4244: “初始化”: 从“double”转换到“float”，可能丢失数据
F:\_UnityWorkSpace\_UnityProject\UnityCppTest\CppPlugin\DLLPlugin\spine-runtimes\spine-cpp\spine-cpp\src\spine\SkeletonBinary.cpp(913,14): warning C4244: “初始化”: 从“double”转换到“float”，可能丢失数据
F:\_UnityWorkSpace\_UnityProject\UnityCppTest\CppPlugin\DLLPlugin\spine-runtimes\spine-cpp\spine-cpp\src\spine\SkeletonBinary.cpp(914,14): warning C4244: “初始化”: 从“double”转换到“float”，可能丢失数据
F:\_UnityWorkSpace\_UnityProject\UnityCppTest\CppPlugin\DLLPlugin\spine-runtimes\spine-cpp\spine-cpp\src\spine\SkeletonBinary.cpp(915,14): warning C4244: “初始化”: 从“double”转换到“float”，可能丢失数据
F:\_UnityWorkSpace\_UnityProject\UnityCppTest\CppPlugin\DLLPlugin\spine-runtimes\spine-cpp\spine-cpp\src\spine\SkeletonBinary.cpp(916,14): warning C4244: “初始化”: 从“double”转换到“float”，可能丢失数据
F:\_UnityWorkSpace\_UnityProject\UnityCppTest\CppPlugin\DLLPlugin\spine-runtimes\spine-cpp\spine-cpp\src\spine\SkeletonBinary.cpp(917,15): warning C4244: “初始化”: 从“double”转换到“float”，可能丢失数据
F:\_UnityWorkSpace\_UnityProject\UnityCppTest\CppPlugin\DLLPlugin\spine-runtimes\spine-cpp\spine-cpp\src\spine\SkeletonBinary.cpp(918,15): warning C4244: “初始化”: 从“double”转换到“float”，可能丢失数据
F:\_UnityWorkSpace\_UnityProject\UnityCppTest\CppPlugin\DLLPlugin\spine-runtimes\spine-cpp\spine-cpp\src\spine\SkeletonBinary.cpp(919,15): warning C4244: “初始化”: 从“double”转换到“float”，可能丢失数据
F:\_UnityWorkSpace\_UnityProject\UnityCppTest\CppPlugin\DLLPlugin\spine-runtimes\spine-cpp\spine-cpp\src\spine\SkeletonBinary.cpp(925,16): warning C4244: “初始化”: 从“double”转换到“float”，可能丢失数据
F:\_UnityWorkSpace\_UnityProject\UnityCppTest\CppPlugin\DLLPlugin\spine-runtimes\spine-cpp\spine-cpp\src\spine\SkeletonBinary.cpp(926,16): warning C4244: “初始化”: 从“double”转换到“float”，可能丢失数据
F:\_UnityWorkSpace\_UnityProject\UnityCppTest\CppPlugin\DLLPlugin\spine-runtimes\spine-cpp\spine-cpp\src\spine\SkeletonBinary.cpp(927,16): warning C4244: “初始化”: 从“double”转换到“float”，可能丢失数据
F:\_UnityWorkSpace\_UnityProject\UnityCppTest\CppPlugin\DLLPlugin\spine-runtimes\spine-cpp\spine-cpp\src\spine\SkeletonBinary.cpp(928,16): warning C4244: “初始化”: 从“double”转换到“float”，可能丢失数据
F:\_UnityWorkSpace\_UnityProject\UnityCppTest\CppPlugin\DLLPlugin\spine-runtimes\spine-cpp\spine-cpp\src\spine\SkeletonBinary.cpp(929,17): warning C4244: “初始化”: 从“double”转换到“float”，可能丢失数据
F:\_UnityWorkSpace\_UnityProject\UnityCppTest\CppPlugin\DLLPlugin\spine-runtimes\spine-cpp\spine-cpp\src\spine\SkeletonBinary.cpp(930,17): warning C4244: “初始化”: 从“double”转换到“float”，可能丢失数据
F:\_UnityWorkSpace\_UnityProject\UnityCppTest\CppPlugin\DLLPlugin\spine-runtimes\spine-cpp\spine-cpp\src\spine\SkeletonBinary.cpp(931,17): warning C4244: “初始化”: 从“double”转换到“float”，可能丢失数据
F:\_UnityWorkSpace\_UnityProject\UnityCppTest\CppPlugin\DLLPlugin\spine-runtimes\spine-cpp\spine-cpp\src\spine\SkeletonBinary.cpp(963,14): warning C4244: “初始化”: 从“double”转换到“float”，可能丢失数据
F:\_UnityWorkSpace\_UnityProject\UnityCppTest\CppPlugin\DLLPlugin\spine-runtimes\spine-cpp\spine-cpp\src\spine\SkeletonBinary.cpp(964,14): warning C4244: “初始化”: 从“double”转换到“float”，可能丢失数据
F:\_UnityWorkSpace\_UnityProject\UnityCppTest\CppPlugin\DLLPlugin\spine-runtimes\spine-cpp\spine-cpp\src\spine\SkeletonBinary.cpp(965,14): warning C4244: “初始化”: 从“double”转换到“float”，可能丢失数据
F:\_UnityWorkSpace\_UnityProject\UnityCppTest\CppPlugin\DLLPlugin\spine-runtimes\spine-cpp\spine-cpp\src\spine\SkeletonBinary.cpp(966,15): warning C4244: “初始化”: 从“double”转换到“float”，可能丢失数据
F:\_UnityWorkSpace\_UnityProject\UnityCppTest\CppPlugin\DLLPlugin\spine-runtimes\spine-cpp\spine-cpp\src\spine\SkeletonBinary.cpp(967,15): warning C4244: “初始化”: 从“double”转换到“float”，可能丢失数据
F:\_UnityWorkSpace\_UnityProject\UnityCppTest\CppPlugin\DLLPlugin\spine-runtimes\spine-cpp\spine-cpp\src\spine\SkeletonBinary.cpp(968,15): warning C4244: “初始化”: 从“double”转换到“float”，可能丢失数据
F:\_UnityWorkSpace\_UnityProject\UnityCppTest\CppPlugin\DLLPlugin\spine-runtimes\spine-cpp\spine-cpp\src\spine\SkeletonBinary.cpp(974,16): warning C4244: “初始化”: 从“double”转换到“float”，可能丢失数据
F:\_UnityWorkSpace\_UnityProject\UnityCppTest\CppPlugin\DLLPlugin\spine-runtimes\spine-cpp\spine-cpp\src\spine\SkeletonBinary.cpp(975,16): warning C4244: “初始化”: 从“double”转换到“float”，可能丢失数据
F:\_UnityWorkSpace\_UnityProject\UnityCppTest\CppPlugin\DLLPlugin\spine-runtimes\spine-cpp\spine-cpp\src\spine\SkeletonBinary.cpp(976,16): warning C4244: “初始化”: 从“double”转换到“float”，可能丢失数据
F:\_UnityWorkSpace\_UnityProject\UnityCppTest\CppPlugin\DLLPlugin\spine-runtimes\spine-cpp\spine-cpp\src\spine\SkeletonBinary.cpp(977,17): warning C4244: “初始化”: 从“double”转换到“float”，可能丢失数据
F:\_UnityWorkSpace\_UnityProject\UnityCppTest\CppPlugin\DLLPlugin\spine-runtimes\spine-cpp\spine-cpp\src\spine\SkeletonBinary.cpp(978,17): warning C4244: “初始化”: 从“double”转换到“float”，可能丢失数据
F:\_UnityWorkSpace\_UnityProject\UnityCppTest\CppPlugin\DLLPlugin\spine-runtimes\spine-cpp\spine-cpp\src\spine\SkeletonBinary.cpp(979,17): warning C4244: “初始化”: 从“double”转换到“float”，可能丢失数据
F:\_UnityWorkSpace\_UnityProject\UnityCppTest\CppPlugin\DLLPlugin\spine-runtimes\spine-cpp\spine-cpp\src\spine\SkeletonBinary.cpp(1008,14): warning C4244: “初始化”: 从“double”转换到“float”，可能丢失数据
F:\_UnityWorkSpace\_UnityProject\UnityCppTest\CppPlugin\DLLPlugin\spine-runtimes\spine-cpp\spine-cpp\src\spine\SkeletonBinary.cpp(1013,16): warning C4244: “初始化”: 从“double”转换到“float”，可能丢失数据
F:\_UnityWorkSpace\_UnityProject\UnityCppTest\CppPlugin\DLLPlugin\spine-runtimes\spine-cpp\spine-cpp\src\spine\SkeletonJson.cpp(597,67): warning C4244: “=”: 从“float”转换到“int”，可能丢失数据
F:\_UnityWorkSpace\_UnityProject\UnityCppTest\CppPlugin\DLLPlugin\spine-runtimes\spine-cpp\spine-cpp\src\spine\SkeletonJson.cpp(598,69): warning C4244: “=”: 从“float”转换到“int”，可能丢失数据
F:\_UnityWorkSpace\_UnityProject\UnityCppTest\CppPlugin\DLLPlugin\spine-runtimes\spine-cpp\spine-cpp\src\spine\SkeletonJson.cpp(798,37): warning C4244: “参数”: 从“int”转换到“float”，可能丢失数据
    正在创建库 F:\_UnityWorkSpace\_UnityProject\UnityCppTest\CppPlugin\DLLPlugin\..\..\DLLExportDir\DLLPlugin.lib 和对象 F:\_UnityWorkSpace\_UnityProject\UnityCppTest\CppPlugin\DLLPlugin\..\..\DLLExportDir\DLLPlugin.exp
  正在生成代码
  Previous IPDB not found, fall back to full compilation.
  All 2442 functions were compiled because no usable IPDB/IOBJ from previous compilation was found.
  已完成代码的生成
  DLLPlugin.vcxproj -> F:\_UnityWorkSpace\_UnityProject\UnityCppTest\DLLExportDir\DLLPlugin.dll
